<?xml version="1.0" encoding="UTF-8"?>
<!-- Generated by org.testng.reporters.JUnitXMLReporter -->
<testsuite hostname="IDI" ignored="0" name="Test" tests="3" failures="0" timestamp="2020-11-16T19:49:35 CET" time="29.705" errors="0">
  <testcase name="Test1" time="5.897" classname="com.AutomationExample.demoProject1.TestClass"/>
  <testcase name="Test2" time="2.204" classname="com.AutomationExample.demoProject1.TestClass"/>
  <testcase name="Test3" time="1.167" classname="com.AutomationExample.demoProject1.TestClass"/>
</testsuite> <!-- Test -->
