<?xml version="1.0" encoding="UTF-8"?>
<testng-results skipped="0" failed="0" ignored="0" total="3" passed="3">
  <reporter-output>
  </reporter-output>
  <suite name="Suite" duration-ms="29705" started-at="2020-11-16T19:49:05 CET" finished-at="2020-11-16T19:49:35 CET">
    <groups>
    </groups>
    <test name="Test" duration-ms="29705" started-at="2020-11-16T19:49:05 CET" finished-at="2020-11-16T19:49:35 CET">
      <class name="com.AutomationExample.demoProject1.TestClass">
        <test-method status="PASS" signature="launchDriver()[pri:0, instance:com.AutomationExample.demoProject1.TestClass@646d64ab]" name="launchDriver" is-config="true" duration-ms="6855" started-at="2020-11-16T19:49:05 CET" finished-at="2020-11-16T19:49:12 CET">
          <reporter-output>
          </reporter-output>
        </test-method> <!-- launchDriver -->
        <test-method status="PASS" signature="Test1()[pri:0, instance:com.AutomationExample.demoProject1.TestClass@646d64ab]" name="Test1" duration-ms="5897" started-at="2020-11-16T19:49:12 CET" finished-at="2020-11-16T19:49:18 CET">
          <reporter-output>
          </reporter-output>
        </test-method> <!-- Test1 -->
        <test-method status="PASS" signature="quit()[pri:0, instance:com.AutomationExample.demoProject1.TestClass@646d64ab]" name="quit" is-config="true" duration-ms="1218" started-at="2020-11-16T19:49:18 CET" finished-at="2020-11-16T19:49:19 CET">
          <reporter-output>
          </reporter-output>
        </test-method> <!-- quit -->
        <test-method status="PASS" signature="launchDriver()[pri:0, instance:com.AutomationExample.demoProject1.TestClass@646d64ab]" name="launchDriver" is-config="true" duration-ms="5397" started-at="2020-11-16T19:49:19 CET" finished-at="2020-11-16T19:49:24 CET">
          <reporter-output>
          </reporter-output>
        </test-method> <!-- launchDriver -->
        <test-method status="PASS" signature="Test2()[pri:0, instance:com.AutomationExample.demoProject1.TestClass@646d64ab]" name="Test2" duration-ms="2204" started-at="2020-11-16T19:49:24 CET" finished-at="2020-11-16T19:49:26 CET">
          <reporter-output>
          </reporter-output>
        </test-method> <!-- Test2 -->
        <test-method status="PASS" signature="quit()[pri:0, instance:com.AutomationExample.demoProject1.TestClass@646d64ab]" name="quit" is-config="true" duration-ms="673" started-at="2020-11-16T19:49:26 CET" finished-at="2020-11-16T19:49:27 CET">
          <reporter-output>
          </reporter-output>
        </test-method> <!-- quit -->
        <test-method status="PASS" signature="launchDriver()[pri:0, instance:com.AutomationExample.demoProject1.TestClass@646d64ab]" name="launchDriver" is-config="true" duration-ms="5479" started-at="2020-11-16T19:49:27 CET" finished-at="2020-11-16T19:49:33 CET">
          <reporter-output>
          </reporter-output>
        </test-method> <!-- launchDriver -->
        <test-method status="PASS" signature="Test3()[pri:0, instance:com.AutomationExample.demoProject1.TestClass@646d64ab]" name="Test3" duration-ms="1167" started-at="2020-11-16T19:49:33 CET" finished-at="2020-11-16T19:49:34 CET">
          <reporter-output>
          </reporter-output>
        </test-method> <!-- Test3 -->
        <test-method status="PASS" signature="quit()[pri:0, instance:com.AutomationExample.demoProject1.TestClass@646d64ab]" name="quit" is-config="true" duration-ms="741" started-at="2020-11-16T19:49:34 CET" finished-at="2020-11-16T19:49:35 CET">
          <reporter-output>
          </reporter-output>
        </test-method> <!-- quit -->
      </class> <!-- com.AutomationExample.demoProject1.TestClass -->
    </test> <!-- Test -->
  </suite> <!-- Suite -->
</testng-results>
